Magic Storm/android/build/outputs/mapping/release/seeds.txt
com.mygdx.magicstorm.AndroidLauncher
com.mygdx.magicstorm.Screens.MainGameScreen$State: com.mygdx.magicstorm.Screens.MainGameScreen$State[] values()
com.mygdx.magicstorm.AndroidLauncher: AndroidLauncher()
com.mygdx.magicstorm.Screens.MainGameScreen$State: com.mygdx.magicstorm.Screens.MainGameScreen$State valueOf(java.lang.String)
...
com.badlogic.gdx.graphics.glutils.ETC1
com.badlogic.gdx.math.Matrix4
com.badlogic.gdx.utils.BufferUtils
com.badlogic.gdx.graphics.g2d.Gdx2DPixmap
com.badlogic.gdx.utils.LongMap: boolean equals(java.lang.Object)
com.badlogic.gdx.math.Frustum: void update(com.badlogic.gdx.math.Matrix4)
com.badlogic.gdx.utils.LongMap: java.lang.String toString()
com.badlogic.gdx.utils.Queue: java.lang.Object removeIndex(int)
com.badlogic.gdx.utils.ObjectFloatMap: void put(java.lang.Object,float)
com.badlogic.gdx.utils.ArrayMap: int hashCode()
com.badlogic.gdx.utils.ObjectIntMap$MapIterator: void remove()
com.badlogic.gdx.utils.Array: void add(java.lang.Object)
com.badlogic.gdx.utils.ObjectFloatMap: void putResize(java.lang.Object,float)
com.badlogic.gdx.graphics.Pixmap$Blending: com.badlogic.gdx.graphics.Pixmap$Blending[] values()
com.badlogic.gdx.utils.Array: void removeRange(int,int)
com.badlogic.gdx.utils.ObjectFloatMap: boolean equals(java.lang.Object)
com.badlogic.gdx.utils.ArrayMap$Entries: com.badlogic.gdx.utils.ObjectMap$Entry next()
com.badlogic.gdx.utils.ArrayMap: boolean equals(java.lang.Object)
com.badlogic.gdx.graphics.glutils.GLVersion$Type: com.badlogic.gdx.graphics.glutils.GLVersion$Type[] values()
com.badlogic.gdx.utils.ObjectSet: void resize(int)
com.badlogic.gdx.utils.ObjectMap: void resize(int)
com.badlogic.gdx.utils.ArrayMap: int indexOfKey(java.lang.Object)
com.badlogic.gdx.utils.ComparableTimSort: void mergeLo(int,int,int,int)
com.badlogic.gdx.graphics.Pixmap$Filter: com.badlogic.gdx.graphics.Pixmap$Filter valueOf(java.lang.String)
com.badlogic.gdx.scenes.scene2d.Group: void setStage(com.badlogic.gdx.scenes.scene2d.Stage)
com.badlogic.gdx.utils.Array: java.lang.Object peek()
com.badlogic.gdx.utils.ObjectIntMap: void put(java.lang.Object,int)
com.badlogic.gdx.graphics.g2d.Gdx2DPixmap: void clear(long,int)
com.badlogic.gdx.utils.ObjectMap: java.lang.String toString(java.lang.String,boolean)
com.badlogic.gdx.utils.ObjectSet: java.lang.String toString(java.lang.String)
com.badlogic.gdx.graphics.g2d.GlyphLayout: void calculateWidths(com.badlogic.gdx.graphics.g2d.BitmapFont$BitmapFontData)
com.badlogic.gdx.utils.Array: void addAll(java.lang.Object[],int,int)
com.badlogic.gdx.scenes.scene2d.ui.Skin: Skin(com.badlogic.gdx.files.FileHandle)
com.badlogic.gdx.scenes.scene2d.Touchable: com.badlogic.gdx.scenes.scene2d.Touchable[] values()
com.badlogic.gdx.graphics.g2d.TextureAtlas: void load(com.badlogic.gdx.graphics.g2d.TextureAtlas$TextureAtlasData)
com.badlogic.gdx.utils.Queue: int hashCode()
com.badlogic.gdx.utils.IntMap: java.lang.Object get(int,java.lang.Object)
com.badlogic.gdx.graphics.Pixmap$Format: com.badlogic.gdx.graphics.Pixmap$Format[] values()
com.badlogic.gdx.graphics.g2d.TextureAtlas$TextureAtlasData$1: void parse(com.badlogic.gdx.graphics.g2d.TextureAtlas$TextureAtlasData$Page)
com.badlogic.gdx.graphics.g2d.TextureAtlas$TextureAtlasData$9: void parse(com.badlogic.gdx.graphics.g2d.TextureAtlas$TextureAtlasData$Region)
com.badlogic.gdx.graphics.g2d.BitmapFontCache: void clear()
com.badlogic.gdx.utils.SnapshotArray: java.lang.Object[] begin()
com.badlogic.gdx.utils.ObjectIntMap: int locateKey(java.lang.Object)
com.badlogic.gdx.graphics.glutils.ETC1: void decodeImage(java.nio.ByteBuffer,int,java.nio.ByteBuffer,int,int,int,int)
com.badlogic.gdx.graphics.g2d.Gdx2DPixmap: void drawPixmap(long,long,int,int,int,int,int,int,int,int)
com.badlogic.gdx.utils.ObjectMap: int locateKey(java.lang.Object)
com.badlogic.gdx.utils.BufferUtils: void freeMemory(java.nio.ByteBuffer)
com.badlogic.gdx.utils.IntMap: boolean equals(java.lang.Object)
com.badlogic.gdx.utils.IntMap: java.lang.String toString()
com.badlogic.gdx.graphics.g2d.TextureAtlas$TextureAtlasData$5: void parse(com.badlogic.gdx.graphics.g2d.TextureAtlas$TextureAtlasData$Page)
com.badlogic.gdx.graphics.g2d.TextureAtlas$TextureAtlasData$4: void parse(com.badlogic.gdx.graphics.g2d.TextureAtlas$TextureAtlasData$Page)