Magic Storm/android/build/outputs/mapping/release/mapping.txt
# compiler: R8
# compiler_version: 3.2.47
# min_api: 14
# common_typos_disable
# {"id":"com.android.tools.r8.mapping","version":"2.0"}
# pg_map_id: 852cf4f
# pg_map_hash: SHA-256 852cf4fb13b96893290966bbfbc2abf7b9448c3002023192fcd955b5fc347540
com.mygdx.magicstorm.Cards.Attack -> t.a:
    com.badlogic.gdx.graphics.g2d.Sprite sprite -> v
    void positionChanged() -> N
    void scaleChanged() -> P
    void dealDamage(com.mygdx.magicstorm.Enemies.Enemy) -> e0
    void increaseAttack(int) -> h0
    void draw(com.badlogic.gdx.graphics.g2d.Batch,float) -> n
com.mygdx.magicstorm.Cards.Card -> t.b:
    int attack -> t
    int defence -> u
    void addDefence(com.mygdx.magicstorm.hero.Hero) -> d0
    void dealDamage(com.mygdx.magicstorm.Enemies.Enemy) -> e0
    int getAttack() -> f0
    int getDefence() -> g0
    void increaseAttack(int) -> h0
    void act(float) -> i
    void increaseDefence(int) -> i0
    void setAttack(int) -> j0
    void setDefence(int) -> k0
    void draw(com.badlogic.gdx.graphics.g2d.Batch,float) -> n
com.mygdx.magicstorm.Cards.Deck -> t.c:
    com.badlogic.gdx.graphics.g2d.SpriteBatch deckBatch -> y
    com.badlogic.gdx.graphics.g2d.Sprite sprite -> t
    com.badlogic.gdx.graphics.g2d.BitmapFont font -> x
    java.util.ArrayList cards -> z
    int maxDeckSize -> v
    int currentDeckSize -> w
    java.util.Random rand -> A
    java.lang.String currentDeckSizeString -> u
    void positionChanged() -> N
    com.mygdx.magicstorm.Cards.Card drawCard() -> d0
    java.util.ArrayList getCards() -> e0
    int getCurrentDeckSize() -> f0
    java.lang.String getCurrentDeckSizeString() -> g0
    int getMaxDeckSize() -> h0
    int getSize() -> i0
    void setCards(java.util.ArrayList) -> j0
    void setCurrentDeckSizeString(java.lang.String) -> k0
    void draw(com.badlogic.gdx.graphics.g2d.Batch,float) -> n
com.mygdx.magicstorm.Cards.Defence -> t.d:
    com.badlogic.gdx.graphics.g2d.Sprite sprite -> v
    void positionChanged() -> N
    void scaleChanged() -> P
    void addDefence(com.mygdx.magicstorm.hero.Hero) -> d0
    void increaseDefence(int) -> i0
    void draw(com.badlogic.gdx.graphics.g2d.Batch,float) -> n
com.mygdx.magicstorm.Enemies.Enemy -> u.a:
    com.badlogic.gdx.math.Rectangle hpBar -> v
    java.lang.String currentHpString -> y
    com.badlogic.gdx.graphics.g2d.Sprite sprite -> t
    int maxHp -> x
    com.badlogic.gdx.graphics.g2d.BitmapFont font -> z
    com.badlogic.gdx.graphics.glutils.ShapeRenderer shapeRenderer -> u
    int currentHp -> w
    com.badlogic.gdx.graphics.g2d.SpriteBatch hpBatch -> A
    int attackValue -> B
    void attack(com.mygdx.magicstorm.hero.Hero) -> d0
    void die() -> e0
    void draw(com.badlogic.gdx.graphics.g2d.SpriteBatch,float) -> f0
    java.lang.String getAttackValue() -> g0
    boolean isDead() -> h0
    void act(float) -> i
    void setCurrentHpString(java.lang.String) -> i0
    void setHpBarPos(float,float) -> j0
    void takeDamage(int) -> k0
com.mygdx.magicstorm.Enemies.Enemy$1 -> u.a$a:
    com.mygdx.magicstorm.Enemies.Enemy this$0 -> f
com.mygdx.magicstorm.Enemies.Goblin -> u.b:
    com.badlogic.gdx.math.Rectangle hpBar -> F
    com.badlogic.gdx.graphics.g2d.SpriteBatch hpBatch -> K
    java.lang.String currentHpString -> I
    int attackValue -> L
    com.badlogic.gdx.graphics.g2d.Sprite sprite -> C
    int maxHp -> H
    float widthCheck -> E
    com.badlogic.gdx.graphics.g2d.BitmapFont font -> J
    int currentHp -> G
    com.badlogic.gdx.graphics.glutils.ShapeRenderer shapeRenderer -> D
    void positionChanged() -> N
    void attack(com.mygdx.magicstorm.hero.Hero) -> d0
    void die() -> e0
    java.lang.String getAttackValue() -> g0
    boolean isDead() -> h0
    void act(float) -> i
    void setCurrentHpString(java.lang.String) -> i0
    void setHpBarPos(float,float) -> j0
    void takeDamage(int) -> k0
    void draw(com.badlogic.gdx.graphics.g2d.Batch,float) -> n
...
com.badlogic.gdx.graphics.TextureData -> f.p:
    void prepare() -> a
    int getWidth() -> b
    int getHeight() -> c
    boolean isManaged() -> d
    boolean isPrepared() -> e
    com.badlogic.gdx.graphics.TextureData$TextureDataType getType() -> f
    void consumeCustomData(int) -> h
    boolean disposePixmap() -> i
    com.badlogic.gdx.graphics.Pixmap consumePixmap() -> j
    com.badlogic.gdx.graphics.Pixmap$Format getFormat() -> k
    boolean useMipMaps() -> l
com.badlogic.gdx.graphics.TextureData$Factory -> f.p$a:
    com.badlogic.gdx.graphics.TextureData loadFromFile(com.badlogic.gdx.files.FileHandle,com.badlogic.gdx.graphics.Pixmap$Format,boolean) -> a
com.badlogic.gdx.graphics.TextureData$TextureDataType -> f.p$b:
    com.badlogic.gdx.graphics.TextureData$TextureDataType[] $VALUES -> c
    com.badlogic.gdx.graphics.TextureData$TextureDataType Pixmap -> a
    com.badlogic.gdx.graphics.TextureData$TextureDataType Custom -> b
com.badlogic.gdx.graphics.VertexAttribute -> f.q:
    java.lang.String alias -> f
    int usageIndex -> h
    int unit -> g
    int type -> d
    int offset -> e
    int numComponents -> b
    boolean normalized -> c
    int usage -> a
    boolean equals(com.badlogic.gdx.graphics.VertexAttribute) -> a
    int getKey() -> b
    int getSizeInBytes() -> c
com.badlogic.gdx.graphics.VertexAttributes -> f.r:
    com.badlogic.gdx.graphics.VertexAttributes$ReadonlyIterable iterable -> d
    long mask -> c
    int vertexSize -> b
    com.badlogic.gdx.graphics.VertexAttribute[] attributes -> a
    int calculateOffsets() -> a
    int compareTo(com.badlogic.gdx.graphics.VertexAttributes) -> b
    com.badlogic.gdx.graphics.VertexAttribute get(int) -> c
    long getMask() -> d
    int size() -> e
com.badlogic.gdx.graphics.VertexAttributes$ReadonlyIterable -> f.r$a:
    java.lang.Object[] array -> a
    com.badlogic.gdx.graphics.VertexAttributes$ReadonlyIterator iterator2 -> c
    com.badlogic.gdx.graphics.VertexAttributes$ReadonlyIterator iterator1 -> b
com.badlogic.gdx.graphics.VertexAttributes$ReadonlyIterator -> f.r$b:
    java.lang.Object[] array -> a
    int index -> b
    boolean valid -> c
com.badlogic.gdx.graphics.g2d.Batch -> g.a:
    void draw(com.badlogic.gdx.graphics.Texture,float,float,float,float,float,float,float,float) -> B
    void draw(com.badlogic.gdx.graphics.Texture,float[],int,int) -> C
    void begin() -> F
    void setColor(float,float,float,float) -> I
    void setProjectionMatrix(com.badlogic.gdx.math.Matrix4) -> J
    void end() -> d
    void setTransformMatrix(com.badlogic.gdx.math.Matrix4) -> i
    void setPackedColor(float) -> l
    void setColor(com.badlogic.gdx.graphics.Color) -> m
    float getPackedColor() -> p
    com.badlogic.gdx.graphics.Color getColor() -> q
    void draw(com.badlogic.gdx.graphics.g2d.TextureRegion,float,float,float,float,float,float,float,float,float) -> t
    void draw(com.badlogic.gdx.graphics.g2d.TextureRegion,float,float,float,float) -> w
    com.badlogic.gdx.math.Matrix4 getTransformMatrix() -> z
com.badlogic.gdx.graphics.g2d.BitmapFont -> g.b:
    com.badlogic.gdx.graphics.g2d.BitmapFontCache cache -> c
    com.badlogic.gdx.graphics.g2d.BitmapFont$BitmapFontData data -> a
    boolean integer -> e
    boolean ownsTexture -> f
    com.badlogic.gdx.utils.Array regions -> b
    boolean flipped -> d
    com.badlogic.gdx.utils.Array getRegions() -> A
    float getScaleX() -> H
    float getScaleY() -> K
    boolean isFlipped() -> M
    void load(com.badlogic.gdx.graphics.g2d.BitmapFont$BitmapFontData) -> N
    com.badlogic.gdx.graphics.g2d.BitmapFontCache newFontCache() -> O
    void dispose() -> a
    com.badlogic.gdx.graphics.g2d.GlyphLayout draw(com.badlogic.gdx.graphics.g2d.Batch,java.lang.CharSequence,float,float) -> j
    float getCapHeight() -> n
    com.badlogic.gdx.graphics.Color getColor() -> q
    com.badlogic.gdx.graphics.g2d.BitmapFont$BitmapFontData getData() -> s
    float getDescent() -> u