Magic Storm/android/build/outputs/mapping/release/usage.txt
com.mygdx.magicstorm.BuildConfig
com.mygdx.magicstorm.Enemies.Enemy:
    public int getCurrentHp()
    public java.lang.String getCurrentHpString()
    public void setCurrentHp(int)
    public void setMaxHp(int)
com.mygdx.magicstorm.Enemies.Goblin:
    public void dispose()
    public void doDamage(int)
    public int getCurrentHp()
    public java.lang.String getCurrentHpString()
    public void setCurrentHp(int)
    public void setMaxHp(int)
com.mygdx.magicstorm.Enemies.MagicalConstruct:
    public void dispose()
    public void doDamage(int)
    public int getCurrentHp()
    public java.lang.String getCurrentHpString()
    public void setCurrentHp(int)
    public void setMaxHp(int)
com.mygdx.magicstorm.Enemies.MyActor
com.mygdx.magicstorm.Enemies.RenegadeMage:
    public void dispose()
    public void doDamage(int)
    public int getCurrentHp()
    public java.lang.String getCurrentHpString()
    public void setCurrentHp(int)
    public void setMaxHp(int)
com.mygdx.magicstorm.R$color
com.mygdx.magicstorm.R$drawable
com.mygdx.magicstorm.R$string
com.mygdx.magicstorm.R
com.mygdx.magicstorm.Rewards.Reward:
    private com.badlogic.gdx.graphics.g2d.Sprite sprite
    public void draw(com.badlogic.gdx.graphics.g2d.Batch,float)
com.mygdx.magicstorm.Screens.DefeatScreen:
    com.mygdx.magicstorm.Screens.MainGameScreen gameScreen
com.mygdx.magicstorm.Screens.GameScreen$State
com.mygdx.magicstorm.Screens.GameScreen
com.mygdx.magicstorm.Screens.MainGameScreen:
    private java.util.ArrayList cardsDrawn
    com.badlogic.gdx.scenes.scene2d.Group group2
    private com.badlogic.gdx.math.Vector2 touchPos
    private com.badlogic.gdx.utils.viewport.ScreenViewport viewport
    public void dispose()
com.mygdx.magicstorm.Screens.MainMenuScreen:
    private com.mygdx.magicstorm.hero.Hero hero
com.mygdx.magicstorm.Screens.PauseScreen
com.mygdx.magicstorm.Screens.UltimateSelectScreen:
    private com.badlogic.gdx.scenes.scene2d.ui.TextButton startButton
    private com.badlogic.gdx.scenes.scene2d.ui.Table table
com.mygdx.magicstorm.Screens.VictoryScreen:
    com.mygdx.magicstorm.Screens.MainGameScreen gameScreen
com.mygdx.magicstorm.UltimateSkills.UltimateArmorGain:
    private boolean ultimateCondition
    private java.lang.String ultimateDescription
com.mygdx.magicstorm.UltimateSkills.UltimateDamageDone:
    private boolean ultimateCondition
    private java.lang.String ultimateDescription
com.mygdx.magicstorm.UltimateSkills.UltimateSkill:
    private boolean ultimateCondition
    private java.lang.String ultimateDescription
com.mygdx.magicstorm.hero.Hero:
    public com.badlogic.gdx.math.Rectangle getHpBar()
com.mygdx.magicstorm.hero.Mana:
    public void setMaxMana(int)
...
com.badlogic.gdx.math.Path
com.badlogic.gdx.math.Plane$PlaneSide
com.badlogic.gdx.math.Plane:
    private static final long serialVersionUID
    public void <init>()
    public void <init>(com.badlogic.gdx.math.Vector3,com.badlogic.gdx.math.Vector3)
    public void <init>(com.badlogic.gdx.math.Vector3,com.badlogic.gdx.math.Vector3,com.badlogic.gdx.math.Vector3)
    public float distance(com.badlogic.gdx.math.Vector3)
    public float getD()
    public com.badlogic.gdx.math.Vector3 getNormal()
    public boolean isFrontFacing(com.badlogic.gdx.math.Vector3)
    public void set(float,float,float,float)
    public void set(float,float,float,float,float,float)
    public void set(com.badlogic.gdx.math.Plane)
    public void set(com.badlogic.gdx.math.Vector3,com.badlogic.gdx.math.Vector3)
    public com.badlogic.gdx.math.Plane$PlaneSide testPoint(float,float,float)
    public com.badlogic.gdx.math.Plane$PlaneSide testPoint(com.badlogic.gdx.math.Vector3)
com.badlogic.gdx.math.Polygon
com.badlogic.gdx.math.Polyline
com.badlogic.gdx.math.Quaternion:
    private static final long serialVersionUID
    public void <init>(com.badlogic.gdx.math.Quaternion)
    public void <init>(com.badlogic.gdx.math.Vector3,float)
    public com.badlogic.gdx.math.Quaternion add(float,float,float,float)
    public com.badlogic.gdx.math.Quaternion add(com.badlogic.gdx.math.Quaternion)
    public com.badlogic.gdx.math.Quaternion conjugate()
    public com.badlogic.gdx.math.Quaternion cpy()
    public float dot(float,float,float,float)
    public static final float dot(float,float,float,float,float,float,float,float)
    public float dot(com.badlogic.gdx.math.Quaternion)
    public com.badlogic.gdx.math.Quaternion exp(float)
    public float getAngle()
    public float getAngleAround(float,float,float)
    public float getAngleAround(com.badlogic.gdx.math.Vector3)
    public float getAngleAroundRad(float,float,float)
    public float getAngleAroundRad(com.badlogic.gdx.math.Vector3)
    public float getAngleRad()
    public float getAxisAngle(com.badlogic.gdx.math.Vector3)
    public float getAxisAngleRad(com.badlogic.gdx.math.Vector3)
    public int getGimbalPole()
    public float getPitch()
    public float getPitchRad()
    public float getRoll()
    public float getRollRad()
    public void getSwingTwist(float,float,float,com.badlogic.gdx.math.Quaternion,com.badlogic.gdx.math.Quaternion)
com.badlogic.gdx.math.RandomXS128:
    private static final double NORM_DOUBLE
    private static final double NORM_FLOAT
    public void <init>(long)
    public void <init>(long,long)
    public long getState(int)